
                                      ARENA Simulation Results
                                       Rony - License: STUDENT

                                  Summary for Replication 1 of 1

Project: Simple Car Wash System without Value                        Run execution date : 8/ 4/2019
Analyst: Rony                                                        Model revision date: 8/ 4/2019

Replication ended at time      : 12.0 Hours 
Base Time Units: Hours

                                           TALLY VARIABLES

Identifier                                  Average   Half Width  Minimum    Maximum   Observations
___________________________________________________________________________________________________

Car.VATime                                  .03386     (Insuf)    .01671     .04981        246    
Car.NVATime                                 .00000     (Insuf)    .00000     .00000        246    
Car.WaitTime                                .04400     (Insuf)    .00000     .24029        246    
Car.TranTime                                .00000     (Insuf)    .00000     .00000        246    
Car.OtherTime                               .00000     (Insuf)    .00000     .00000        246    
Car.TotalTime                               .07786     (Insuf)    .01731     .26715        246    
Machine.Queue.WaitingTime                   .04400     (Insuf)    .00000     .24029        246    

                                     DISCRETE-CHANGE VARIABLES

Identifier                                  Average   Half Width  Minimum    Maximum   Final Value
___________________________________________________________________________________________________

Car.WIP                                     1.5961     (Corr)     .00000     10.000     .00000    
Car Wash.NumberBusy                         .69420     (Insuf)    .00000     1.0000     .00000    
Car Wash.NumberScheduled                    1.0000     (Insuf)    1.0000     1.0000     1.0000    
Car Wash.Utilization                        .69420     (Insuf)    .00000     1.0000     .00000    
Machine.Queue.NumberInQueue                 .90193     (Corr)     .00000     9.0000     .00000    

                                             OUTPUTS

Identifier                                   Value
_____________________________________________________________

Car.NumberIn                                246.00    
Car.NumberOut                               246.00    
Car Wash.NumberSeized                       246.00    
Car Wash.ScheduledUtilization               .69420    
System.NumberOut                            246.00    


Simulation run time: 0.07 minutes.
Simulation run complete.
