
                                      ARENA Simulation Results
                                       RONY - License: STUDENT

                                  Summary for Replication 1 of 1

Project: Unnamed Project                                             Run execution date : 7/19/2019
Analyst: RONY                                                        Model revision date: 7/19/2019

Replication ended at time      : 720.0 Hours 
Base Time Units: Hours

                                           TALLY VARIABLES

Identifier                                  Average   Half Width  Minimum    Maximum   Observations
___________________________________________________________________________________________________

Entity 1.VATime                             7.9155     (Insuf)    .34703     36.891        134    
Entity 1.NVATime                            .00000     (Insuf)    .00000     .00000        134    
Entity 1.WaitTime                           18.923     (Insuf)    .00000     102.63        134    
Entity 1.TranTime                           .00000     (Insuf)    .00000     .00000        134    
Entity 1.OtherTime                          .00000     (Insuf)    .00000     .00000        134    
Entity 1.TotalTime                          26.839     (Insuf)    1.0591     107.35        134    
Inspect.Queue.WaitingTime                   4.1220     (Insuf)    .00000     32.734        152    
Repair.Queue.WaitingTime                    12.592     (Insuf)    .00000     66.217        153    

                                     DISCRETE-CHANGE VARIABLES

Identifier                                  Average   Half Width  Minimum    Maximum   Final Value
___________________________________________________________________________________________________

Entity 1.WIP                                5.0384     (Insuf)    .00000     15.000     4.0000    
Repair Person.NumberBusy                    .88720     (Insuf)    .00000     1.0000     1.0000    
Repair Person.NumberScheduled               1.0000     (Insuf)    1.0000     1.0000     1.0000    
Repair Person.Utilization                   .88720     (Insuf)    .00000     1.0000     1.0000    
Inspector.NumberBusy                        .59416     (Insuf)    .00000     1.0000     1.0000    
Inspector.NumberScheduled                   1.0000     (Insuf)    1.0000     1.0000     1.0000    
Inspector.Utilization                       .59416     (Insuf)    .00000     1.0000     1.0000    
Inspect.Queue.NumberInQueue                 .87021     (Insuf)    .00000     8.0000     .00000    
Repair.Queue.NumberInQueue                  2.6869     (Insuf)    .00000     10.000     2.0000    

                                             OUTPUTS

Identifier                                   Value
_____________________________________________________________

Entity 1.NumberIn                           138.00    
Entity 1.NumberOut                          134.00    
Repair Person.NumberSeized                  153.00    
Repair Person.ScheduledUtilization          .88720    
Inspector.NumberSeized                      152.00    
Inspector.ScheduledUtilization              .59416    
System.NumberOut                            134.00    


Simulation run time: 0.38 minutes.
Simulation run complete.
